<?xml version="1.0" encoding="UTF-8"?>
<!-- Generated by org.testng.reporters.JUnitReportReporter -->
<testsuite hostname="DESKTOP-4SFDEUC" failures="0" tests="1" name="K_test.LoginTest" time="18.491" errors="0" timestamp="2023-08-21T10:25:06 IST" skipped="0">
  <testcase classname="K_test.LoginTest" name="testLogin" time="18.491"/>
  <system-out/>
</testsuite> <!-- K_test.LoginTest -->
