<?xml version="1.0" encoding="UTF-8"?>
<!-- Generated by org.testng.reporters.JUnitReportReporter -->
<testsuite hostname="DESKTOP-4SFDEUC" failures="0" tests="1" name="K_test.SingleTest" time="117.072" errors="0" timestamp="2023-07-25T12:38:43 IST" skipped="0">
  <testcase classname="K_test.SingleTest" name="testing" time="117.072"/>
  <system-out/>
</testsuite> <!-- K_test.SingleTest -->
